# Xilinx CORE Generator 6.2.03i
# User = Administrator
Initializing default project...
Loading plug-ins...
All runtime messages will be recorded in C:\cygwin\home\Administrator\tmp\VHDL\proj\coregen.log
NEWPROJECT .
SETPROJECT .
# busformat=BusFormatAngleBracketNotRipped
# designflow=VHDL
# expandedprojectpath=C:\cygwin\home\Administrator\tmp\VHDL\proj
# flowvendor=Foundation_iSE
# formalverification=None
# simulationoutputproducts=VHDL
# xilinxfamily=Virtex2
# outputoption=DesignFlow
# overwritefiles=Default
# simvendor=ModelSim
# expandedprojectpath=C:\cygwin\home\Administrator\tmp\VHDL\proj
Set current Project to C:\cygwin\home\Administrator\tmp\VHDL\proj
SET BusFormat = BusFormatAngleBracketNotRipped
SETXIPCPORTHOST 1900
XIPCPJSENDCORES virtex2p
